<?xml version="1.0" encoding="UTF-8"?>
<testsuites>
  <testsuite name="Weble\FatturaElettronica\Tests\ParseDigitalDocumentTest" file="/Users/skullbock/Workspace/FatturaElettronica/tests/ParseDigitalDocumentTest.php" tests="5" assertions="200" errors="0" failures="0" skipped="0" time="0.058246">
    <testcase name="can_read_p7m_invoice" class="Weble\FatturaElettronica\Tests\ParseDigitalDocumentTest" classname="Weble.FatturaElettronica.Tests.ParseDigitalDocumentTest" file="/Users/skullbock/Workspace/FatturaElettronica/tests/ParseDigitalDocumentTest.php" line="21" assertions="7" time="0.031277"/>
    <testcase name="can_read_attachments" class="Weble\FatturaElettronica\Tests\ParseDigitalDocumentTest" classname="Weble.FatturaElettronica.Tests.ParseDigitalDocumentTest" file="/Users/skullbock/Workspace/FatturaElettronica/tests/ParseDigitalDocumentTest.php" line="39" assertions="6" time="0.021081"/>
    <testcase name="can_read_xml_invoice_file" class="Weble\FatturaElettronica\Tests\ParseDigitalDocumentTest" classname="Weble.FatturaElettronica.Tests.ParseDigitalDocumentTest" file="/Users/skullbock/Workspace/FatturaElettronica/tests/ParseDigitalDocumentTest.php" line="66" assertions="39" time="0.001508"/>
    <testcase name="can_read_xml_invoice" class="Weble\FatturaElettronica\Tests\ParseDigitalDocumentTest" classname="Weble.FatturaElettronica.Tests.ParseDigitalDocumentTest" file="/Users/skullbock/Workspace/FatturaElettronica/tests/ParseDigitalDocumentTest.php" line="76" assertions="39" time="0.001365"/>
    <testcase name="can_read_complex_xml_invoice" class="Weble\FatturaElettronica\Tests\ParseDigitalDocumentTest" classname="Weble.FatturaElettronica.Tests.ParseDigitalDocumentTest" file="/Users/skullbock/Workspace/FatturaElettronica/tests/ParseDigitalDocumentTest.php" line="86" assertions="109" time="0.003015"/>
  </testsuite>
</testsuites>
